


ARM Macro Assembler    Page 1 


    1 00000000                 AREA             ARM, CODE, READONLY
    2 00000000                 ENTRY
    3 00000000 E59F30A4        LDR              R3, =data1
    4 00000004 E59F40A4        LDR              R4, =fim0
    5 00000008 E59F60A4        LDR              R6, =data2
    6 0000000C E2444004        SUB              R4, #4
    7 00000010 E5938000 
                       transfer
                               LDR              R8, [R3]
    8 00000014 E5868000        STR              R8, [R6]
    9 00000018 E1530004        CMP              R3, R4
   10 0000001C 0A000003        BEQ              start
   11 00000020 E2833004        ADD              R3, #4
   12 00000024 E2866004        ADD              R6, #4
   13 00000028 E2899001        ADD              R9, #1
   14 0000002C EAFFFFF7        B                transfer
   15 00000030 E5967000 
                       start   LDR              R7, [R6]
   16 00000034 E3A08001        MOV              R8, #1
   17 00000038 E3A05002        MOV              R5, #2
   18 0000003C E1580005 
                       again_varr
                               CMP              R8, R5      ;continua =!0
   19 00000040 0A000013        BEQ              fim
   20 00000044 E59F6068        LDR              R6, =data2  ;;i=0
   21 00000048 E3A08000        MOV              R8, #0      ;continua=0
   22 0000004C E5961000        LDR              R1, [R6]
   23 00000050 E5962004        LDR              R2, [R6, #4]
   24 00000054 E1560007 
                       vrf_maior
                               CMP              R6, R7      ;i<fim-1
   25 00000058 CA00000A        BGT              menos_varr  ;se igual vai pra f
                                                            im--
   26 0000005C E1510002        CMP              R1, R2      ;X[i]>X[i+1]
   27 00000060 CA000003        BGT              nova_pos    ;se R1 for menor va
                                                            i pra i++
   28 00000064 E5861004        STR              R1, [R6, #4] ;troca
   29 00000068 E5862000        STR              R2, [R6]    ;troca
   30 0000006C E5961000        LDR              R1, [R6]
   31 00000070 E5962004        LDR              R2, [R6, #4]
   32 00000074 E2866004 
                       nova_pos
                               ADD              R6, #4      ;i++
   33 00000078 E3A08001        MOV              R8, #1      ;nova posicao
   34 0000007C E5961000        LDR              R1, [R6]
   35 00000080 E5962004        LDR              R2, [R6, #4]
   36 00000084 EAFFFFF2        B                vrf_maior
   37 00000088 E2455001 
                       menos_varr
                               SUB              R5, #1      ;fim--
   38 0000008C E1A07002        MOV              R7, R2
   39 00000090 EAFFFFE9        B                again_varr
   40 00000094 EAFFFFFE 
                       fim     B                fim
   41 00000098         data1
   42 00000098 00000005 
              00000001 
              00000006 
              00000004 



ARM Macro Assembler    Page 2 


              00000003         DCD              5,1,6,4,3
   43 000000AC         fim0
   44 000000AC 00000000 
              00000000 
              00000000 
              00000000         AREA             MYDATA, DATA, READWRITE
   45 00000000         data2
   46 00000000                 END
Command Line: --debug --xref --diag_suppress=9931 --apcs=interwork --depend=.\o
bjects\bubblesort.d -o.\objects\bubblesort.o -IC:\Keil_v5\ARM\RV31\INC -IC:\Kei
l_v5\ARM\CMSIS\Include -IC:\Keil_v5\ARM\INC\Philips --predefine="__EVAL SETA 1"
 --predefine="__UVISION_VERSION SETA 525" --list=.\listings\bubblesort.lst bubb
lesort.s



ARM Macro Assembler    Page 1 Alphabetic symbol ordering
Relocatable symbols

ARM 00000000

Symbol: ARM
   Definitions
      At line 1 in file bubblesort.s
   Uses
      None
Comment: ARM unused
again_varr 0000003C

Symbol: again_varr
   Definitions
      At line 18 in file bubblesort.s
   Uses
      At line 39 in file bubblesort.s
Comment: again_varr used once
data1 00000098

Symbol: data1
   Definitions
      At line 41 in file bubblesort.s
   Uses
      At line 3 in file bubblesort.s
Comment: data1 used once
fim 00000094

Symbol: fim
   Definitions
      At line 40 in file bubblesort.s
   Uses
      At line 19 in file bubblesort.s
      At line 40 in file bubblesort.s

fim0 000000AC

Symbol: fim0
   Definitions
      At line 43 in file bubblesort.s
   Uses
      At line 4 in file bubblesort.s
Comment: fim0 used once
menos_varr 00000088

Symbol: menos_varr
   Definitions
      At line 37 in file bubblesort.s
   Uses
      At line 25 in file bubblesort.s
Comment: menos_varr used once
nova_pos 00000074

Symbol: nova_pos
   Definitions
      At line 32 in file bubblesort.s
   Uses
      At line 27 in file bubblesort.s
Comment: nova_pos used once
start 00000030




ARM Macro Assembler    Page 2 Alphabetic symbol ordering
Relocatable symbols

Symbol: start
   Definitions
      At line 15 in file bubblesort.s
   Uses
      At line 10 in file bubblesort.s
Comment: start used once
transfer 00000010

Symbol: transfer
   Definitions
      At line 7 in file bubblesort.s
   Uses
      At line 14 in file bubblesort.s
Comment: transfer used once
vrf_maior 00000054

Symbol: vrf_maior
   Definitions
      At line 24 in file bubblesort.s
   Uses
      At line 36 in file bubblesort.s
Comment: vrf_maior used once
10 symbols



ARM Macro Assembler    Page 1 Alphabetic symbol ordering
Relocatable symbols

MYDATA 00000000

Symbol: MYDATA
   Definitions
      At line 44 in file bubblesort.s
   Uses
      None
Comment: MYDATA unused
data2 00000000

Symbol: data2
   Definitions
      At line 45 in file bubblesort.s
   Uses
      At line 5 in file bubblesort.s
      At line 20 in file bubblesort.s

2 symbols
346 symbols in table
