


ARM Macro Assembler    Page 1 


    1 00000000                 AREA             ARM, CODE, READONLY
    2 00000000                 ENTRY
    3 00000000 E0028000 
                       IO0PIN  EQU              0xE0028000
    4 00000000 E0028004 
                       IO0SET  EQU              0xE0028004
    5 00000000 E0028008 
                       IO0DIR  EQU              0xE0028008
    6 00000000 E002800C 
                       IO0CLR  EQU              0xE002800C
    7 00000000 E0028010 
                       IO1PIN  EQU              0xE0028010
    8 00000000 E0028018 
                       IO1DIR  EQU              0xE0028018
    9 00000000         
   10 00000000 E59F4044        LDR              R4, =IO0DIR
   11 00000004 E3E05000        LDR              R5, =0xFFFFFFFF ;leds contador 
                                                            saida
   12 00000008 E5845000        STR              R5, [R4]
   13 0000000C         
   14 0000000C E59F403C        LDR              R4, =IO1DIR
   15 00000010 E3E05801        LDR              R5, =0xFFFEFFFF ;chave entrada
   16 00000014 E5845000        STR              R5, [R4]
   17 00000018         
   18 00000018 E3A00000 
                       RESTART MOV              R0, #0
   19 0000001C E59F4030        LDR              R4, =IO0PIN ;armazena 0 no pino
                                                             de saida
   20 00000020 E5840000        STR              R0, [R4]
   21 00000024 E59F402C 
                       VERF    LDR              R4, =IO1PIN ;verifica chave
   22 00000028 E5945000        LDR              R5,[R4]
   23 0000002C E3150801        TST              R5, #0X00010000
   24 00000030 0AFFFFFB        BEQ              VERF
   25 00000034 E2800001 
                       CONTA   ADD              R0, #1
   26 00000038 E350003C        CMP              R0, #60
   27 0000003C 0AFFFFF5        BEQ              RESTART     ;quando chega a 60 
                                                            nao salva na saida,
                                                             recomeca
   28 00000040 E59F400C        LDR              R4, =IO0PIN ; menor que 60 é ar
                                                            mazenado na saida
   29 00000044 E5840000        STR              R0, [R4]
   30 00000048 EAFFFFF5        B                VERF        ;verifica a chave p
                                                            ara poder adicionar
                                                             novamente
   31 0000004C                 END
              E0028008 
              E0028018 
              E0028000 
              E0028010 
Command Line: --debug --xref --diag_suppress=9931 --apcs=interwork --depend=.\o
bjects\contador_0a59_com_chave.d -o.\objects\contador_0a59_com_chave.o -IC:\Kei
l_v5\ARM\RV31\INC -IC:\Keil_v5\ARM\CMSIS\Include -IC:\Keil_v5\ARM\Inc\Philips -
-predefine="__EVAL SETA 1" --predefine="__UVISION_VERSION SETA 518" --list=.\li
stings\contador_0a59_com_chave.lst contador_0a59_com_chave.s



ARM Macro Assembler    Page 1 Alphabetic symbol ordering
Relocatable symbols

ARM 00000000

Symbol: ARM
   Definitions
      At line 1 in file contador_0a59_com_chave.s
   Uses
      None
Comment: ARM unused
CONTA 00000034

Symbol: CONTA
   Definitions
      At line 25 in file contador_0a59_com_chave.s
   Uses
      None
Comment: CONTA unused
RESTART 00000018

Symbol: RESTART
   Definitions
      At line 18 in file contador_0a59_com_chave.s
   Uses
      At line 27 in file contador_0a59_com_chave.s
Comment: RESTART used once
VERF 00000024

Symbol: VERF
   Definitions
      At line 21 in file contador_0a59_com_chave.s
   Uses
      At line 24 in file contador_0a59_com_chave.s
      At line 30 in file contador_0a59_com_chave.s

4 symbols



ARM Macro Assembler    Page 1 Alphabetic symbol ordering
Absolute symbols

IO0CLR E002800C

Symbol: IO0CLR
   Definitions
      At line 6 in file contador_0a59_com_chave.s
   Uses
      None
Comment: IO0CLR unused
IO0DIR E0028008

Symbol: IO0DIR
   Definitions
      At line 5 in file contador_0a59_com_chave.s
   Uses
      At line 10 in file contador_0a59_com_chave.s
Comment: IO0DIR used once
IO0PIN E0028000

Symbol: IO0PIN
   Definitions
      At line 3 in file contador_0a59_com_chave.s
   Uses
      At line 19 in file contador_0a59_com_chave.s
      At line 28 in file contador_0a59_com_chave.s

IO0SET E0028004

Symbol: IO0SET
   Definitions
      At line 4 in file contador_0a59_com_chave.s
   Uses
      None
Comment: IO0SET unused
IO1DIR E0028018

Symbol: IO1DIR
   Definitions
      At line 8 in file contador_0a59_com_chave.s
   Uses
      At line 14 in file contador_0a59_com_chave.s
Comment: IO1DIR used once
IO1PIN E0028010

Symbol: IO1PIN
   Definitions
      At line 7 in file contador_0a59_com_chave.s
   Uses
      At line 21 in file contador_0a59_com_chave.s
Comment: IO1PIN used once
6 symbols
344 symbols in table
