


ARM Macro Assembler    Page 1 


    1 00000000                 AREA             ARM, CODE, READONLY
    2 00000000                 ENTRY
    3 00000000 E59F00B4        LDR              R0, =data1
    4 00000004 E59F10B4        LDR              R1, =fim0
    5 00000008 E59F20B4        LDR              R2, =data2
    6 0000000C E2411004        SUB              R1, #4
    7 00000010 E3A04000        MOV              R4, #0
    8 00000014 E5905000 
                       transfer
                               LDR              R5, [R0]    ;fim=tamanho mem
    9 00000018 E5825000        STR              R5, [R2]
   10 0000001C E1500001        CMP              R0, R1
   11 00000020 0A000003        BEQ              start
   12 00000024 E2800004        ADD              R0, #4
   13 00000028 E2822004        ADD              R2, #4
   14 0000002C E2844001        ADD              R4, #1
   15 00000030 EAFFFFF7        B                transfer
   16 00000034 E3A05001 
                       start   MOV              R5, #1      ;continua=1
   17 00000038 E1550004 
                       again_varr
                               CMP              R5, R4      ;continua =!0
   18 0000003C 0A000018        BEQ              fim
   19 00000040 E59F007C        LDR              R0, =data2  ;;i=0
   20 00000044 E3A06000        MOV              R6, #0
   21 00000048 E3A05000        MOV              R5, #0      ;continua=0
   22 0000004C E5907000        LDR              R7, [R0]
   23 00000050 E5908004        LDR              R8, [R0, #4]
   24 00000054 E1560004 
                       vrf_maior
                               CMP              R6, R4      ;i<fim-1
   25 00000058 0A00000F        BEQ              menos_varr  ;se igual vai pra f
                                                            im--
   26 0000005C E1570008        CMP              R7, R8      ;X[i]>X[i+1]
   27 00000060 BA000003        BLT              nova_pos    ;se R1 for menor va
                                                            i pra i++
   28 00000064 E5807004        STR              R7, [R0, #4] ;troca
   29 00000068 E5808000        STR              R8, [R0]    ;troca
   30 0000006C E5907000        LDR              R7, [R0]
   31 00000070 E5908004        LDR              R8, [R0, #4]
   32 00000074 E1560004 
                       nova_pos
                               CMP              R6, R4
   33 00000078 0A000007        BEQ              menos_varr
   34 0000007C E2800004        ADD              R0, #4      ;i++
   35 00000080 E3A05001        MOV              R5, #1      ;nova posicao
   36 00000084 E2866001        ADD              R6, #1
   37 00000088 E1560004        CMP              R6, R4
   38 0000008C 0A000002        BEQ              menos_varr
   39 00000090 E5907000        LDR              R7, [R0]
   40 00000094 E5908004        LDR              R8, [R0, #4]
   41 00000098 EAFFFFED        B                vrf_maior
   42 0000009C E2444001 
                       menos_varr
                               SUB              R4, #1      ;fim-- 
   43 000000A0 EAFFFFE4        B                again_varr
   44 000000A4 EAFFFFFE 
                       fim     B                fim
   45 000000A8         data1



ARM Macro Assembler    Page 2 


   46 000000A8 00000005 
              00000001 
              00000006 
              00000004 
              00000003         DCD              5,1,6,4,3
   47 000000BC         fim0
   48 000000BC 00000000 
              00000000 
              00000000 
              00000000         AREA             MYDATA, DATA, READWRITE
   49 00000000         data2
   50 00000000                 END
Command Line: --debug --xref --diag_suppress=9931 --apcs=interwork --depend=.\o
bjects\bubblesort.d -o.\objects\bubblesort.o -IC:\Keil_v5\ARM\RV31\INC -IC:\Kei
l_v5\ARM\CMSIS\Include -IC:\Keil_v5\ARM\Inc\Philips --predefine="__EVAL SETA 1"
 --predefine="__UVISION_VERSION SETA 518" --list=.\listings\bubblesort.lst bubb
lesort.s



ARM Macro Assembler    Page 1 Alphabetic symbol ordering
Relocatable symbols

ARM 00000000

Symbol: ARM
   Definitions
      At line 1 in file bubblesort.s
   Uses
      None
Comment: ARM unused
again_varr 00000038

Symbol: again_varr
   Definitions
      At line 17 in file bubblesort.s
   Uses
      At line 43 in file bubblesort.s
Comment: again_varr used once
data1 000000A8

Symbol: data1
   Definitions
      At line 45 in file bubblesort.s
   Uses
      At line 3 in file bubblesort.s
Comment: data1 used once
fim 000000A4

Symbol: fim
   Definitions
      At line 44 in file bubblesort.s
   Uses
      At line 18 in file bubblesort.s
      At line 44 in file bubblesort.s

fim0 000000BC

Symbol: fim0
   Definitions
      At line 47 in file bubblesort.s
   Uses
      At line 4 in file bubblesort.s
Comment: fim0 used once
menos_varr 0000009C

Symbol: menos_varr
   Definitions
      At line 42 in file bubblesort.s
   Uses
      At line 25 in file bubblesort.s
      At line 33 in file bubblesort.s
      At line 38 in file bubblesort.s

nova_pos 00000074

Symbol: nova_pos
   Definitions
      At line 32 in file bubblesort.s
   Uses
      At line 27 in file bubblesort.s
Comment: nova_pos used once



ARM Macro Assembler    Page 2 Alphabetic symbol ordering
Relocatable symbols

start 00000034

Symbol: start
   Definitions
      At line 16 in file bubblesort.s
   Uses
      At line 11 in file bubblesort.s
Comment: start used once
transfer 00000014

Symbol: transfer
   Definitions
      At line 8 in file bubblesort.s
   Uses
      At line 15 in file bubblesort.s
Comment: transfer used once
vrf_maior 00000054

Symbol: vrf_maior
   Definitions
      At line 24 in file bubblesort.s
   Uses
      At line 41 in file bubblesort.s
Comment: vrf_maior used once
10 symbols



ARM Macro Assembler    Page 1 Alphabetic symbol ordering
Relocatable symbols

MYDATA 00000000

Symbol: MYDATA
   Definitions
      At line 48 in file bubblesort.s
   Uses
      None
Comment: MYDATA unused
data2 00000000

Symbol: data2
   Definitions
      At line 49 in file bubblesort.s
   Uses
      At line 5 in file bubblesort.s
      At line 19 in file bubblesort.s

2 symbols
346 symbols in table
