


ARM Macro Assembler    Page 1 


    1 00000000                 AREA             ARM, CODE, READONLY
    2 00000000                 ENTRY
    3 00000000 E0028000 
                       IO0PIN  EQU              0xE0028000
    4 00000000 E0028004 
                       IO0SET  EQU              0xE0028004
    5 00000000 E0028008 
                       IO0DIR  EQU              0xE0028008
    6 00000000 E002800C 
                       IO0CLR  EQU              0xE002800C
    7 00000000 E0028010 
                       IO1PIN  EQU              0xE0028010
    8 00000000 E0028018 
                       IO1DIR  EQU              0xE0028018
    9 00000000         
   10 00000000 E59F40E4        LDR              R4, =IO0DIR
   11 00000004 E3E05000        LDR              R5, =0xFFFFFFFF
   12 00000008 E5845000        STR              R5, [R4]
   13 0000000C         
   14 0000000C E59F00DC        LDR              R0, =0xFE10F0F0
   15 00000010 E59F10DC        LDR              R1, =0x00BABACA
   16 00000014 E59F20DC        LDR              R2, =0x0ABACA7E
   17 00000018 E59F30DC        LDR              R3, =regiao_de_busca
   18 0000001C E59F60DC        LDR              R6, =regiao_fim
   19 00000020 E5938000 
                       inicio  LDR              R8, [R3]
   20 00000024 E2833004        ADD              R3, #4
   21 00000028 E1530006        CMP              R3,R6
   22 0000002C 0A00002D        BEQ              fim
   23 00000030 E1580000        CMP              R8, R0
   24 00000034 0A000000        BEQ              feiofofo
   25 00000038 1AFFFFF8        BNE              inicio
   26 0000003C E5938000 
                       feiofofo
                               LDR              R8, [R3]
   27 00000040 E2833004        ADD              R3, #4
   28 00000044 E1530006        CMP              R3,R6
   29 00000048 0A000026        BEQ              fim
   30 0000004C E1580000        CMP              R8, R0
   31 00000050 0AFFFFF9        BEQ              feiofofo
   32 00000054 E1580001        CMP              R8, R1
   33 00000058 1AFFFFF0        BNE              inicio
   34 0000005C E5938000        LDR              R8, [R3]
   35 00000060 E2833004        ADD              R3, #4
   36 00000064 E1530006        CMP              R3,R6
   37 00000068 0A00001E        BEQ              fim
   38 0000006C E1580000        CMP              R8, R0
   39 00000070 0AFFFFF1        BEQ              feiofofo
   40 00000074 E1580002        CMP              R8, R2
   41 00000078 1AFFFFE8        BNE              inicio
   42 0000007C E59F4080        LDR              R4, =IO0SET
   43 00000080 E5845000        STR              R5, [R4]
   44 00000084 E59F407C        LDR              R4, =IO0CLR
   45 00000088 E5845000        STR              R5, [R4]
   46 0000008C E1530006        CMP              R3,R6
   47 00000090 1AFFFFE2        BNE              inicio
   48 00000094 0A000013        BEQ              fim
   49 00000098         regiao_de_busca
   50 00000098 00000001 



ARM Macro Assembler    Page 2 


              00000002 
              00000003 
              12345678 
              00002345 
              00000001 
              00000001 
              00000FFF 
              FE10F0F0         DCD              1,2,3, 0x12345678, 0x2345, 0x1,
 1, 0xfff, 0xFE10F0F0
   51 000000BC 00BABACA        DCD              0x00BABACA
   52 000000C0 00000002 
              00000004 
              00000004 
              00000004 
              00000004 
              0ABACA7E         DCD              2, 4,4,4,4,0x0ABACA7E
   53 000000D8 FE10F0F0 
              00BABACA 
              0ABACA7E         DCD              0xFE10F0F0, 0x00BABACA, 0x0ABAC
A7E
   54 000000E4 00000002        DCD              2
   55 000000E8         regiao_fim
   56 000000E8 EAFFFFFE 
                       fim     B                fim
   57 000000EC                 END
              E0028008 
              FE10F0F0 
              00BABACA 
              0ABACA7E 
              00000000 
              00000000 
              E0028004 
              E002800C 
Command Line: --debug --xref --diag_suppress=9931 --apcs=interwork --depend=.\o
bjects\sequencia_dados.d -o.\objects\sequencia_dados.o -IC:\Keil_v5\ARM\RV31\IN
C -IC:\Keil_v5\ARM\CMSIS\Include -IC:\Keil_v5\ARM\Inc\Philips --predefine="__EV
AL SETA 1" --predefine="__UVISION_VERSION SETA 518" --list=.\listings\sequencia
_dados.lst sequencia_dados.s



ARM Macro Assembler    Page 1 Alphabetic symbol ordering
Relocatable symbols

ARM 00000000

Symbol: ARM
   Definitions
      At line 1 in file sequencia_dados.s
   Uses
      None
Comment: ARM unused
feiofofo 0000003C

Symbol: feiofofo
   Definitions
      At line 26 in file sequencia_dados.s
   Uses
      At line 24 in file sequencia_dados.s
      At line 31 in file sequencia_dados.s
      At line 39 in file sequencia_dados.s

fim 000000E8

Symbol: fim
   Definitions
      At line 56 in file sequencia_dados.s
   Uses
      At line 22 in file sequencia_dados.s
      At line 29 in file sequencia_dados.s
      At line 37 in file sequencia_dados.s
      At line 48 in file sequencia_dados.s
      At line 56 in file sequencia_dados.s

inicio 00000020

Symbol: inicio
   Definitions
      At line 19 in file sequencia_dados.s
   Uses
      At line 25 in file sequencia_dados.s
      At line 33 in file sequencia_dados.s
      At line 41 in file sequencia_dados.s
      At line 47 in file sequencia_dados.s

regiao_de_busca 00000098

Symbol: regiao_de_busca
   Definitions
      At line 49 in file sequencia_dados.s
   Uses
      At line 17 in file sequencia_dados.s
Comment: regiao_de_busca used once
regiao_fim 000000E8

Symbol: regiao_fim
   Definitions
      At line 55 in file sequencia_dados.s
   Uses
      At line 18 in file sequencia_dados.s
Comment: regiao_fim used once
6 symbols



ARM Macro Assembler    Page 1 Alphabetic symbol ordering
Absolute symbols

IO0CLR E002800C

Symbol: IO0CLR
   Definitions
      At line 6 in file sequencia_dados.s
   Uses
      At line 44 in file sequencia_dados.s
Comment: IO0CLR used once
IO0DIR E0028008

Symbol: IO0DIR
   Definitions
      At line 5 in file sequencia_dados.s
   Uses
      At line 10 in file sequencia_dados.s
Comment: IO0DIR used once
IO0PIN E0028000

Symbol: IO0PIN
   Definitions
      At line 3 in file sequencia_dados.s
   Uses
      None
Comment: IO0PIN unused
IO0SET E0028004

Symbol: IO0SET
   Definitions
      At line 4 in file sequencia_dados.s
   Uses
      At line 42 in file sequencia_dados.s
Comment: IO0SET used once
IO1DIR E0028018

Symbol: IO1DIR
   Definitions
      At line 8 in file sequencia_dados.s
   Uses
      None
Comment: IO1DIR unused
IO1PIN E0028010

Symbol: IO1PIN
   Definitions
      At line 7 in file sequencia_dados.s
   Uses
      None
Comment: IO1PIN unused
6 symbols
346 symbols in table
