


ARM Macro Assembler    Page 1 


    1 00000000                 AREA             ARM, CODE, READONLY
    2 00000000                 ENTRY
    3 00000000 E0028010 
                       IO1PIN  EQU              0xE0028010
    4 00000000 E0028018 
                       IO1DIR  EQU              0xE0028018
    5 00000000 E0028000 
                       IO0PIN  EQU              0xE0028000
    6 00000000 E0028004 
                       IO0SET  EQU              0xE0028004
    7 00000000 E002800C 
                       IO0CLR  EQU              0xE002800C
    8 00000000 E0028008 
                       IO0DIR  EQU              0xE0028008
    9 00000000         
   10 00000000 E59F405C        LDR              R4, =IO0DIR
   11 00000004 E3E05000        LDR              R5, =0xFFFFFFFF ; saida LEDs
   12 00000008 E5845000        STR              R5, [R4]
   13 0000000C         
   14 0000000C E59F4054        LDR              R4, =IO1DIR
   15 00000010 E3E05801        LDR              R5, =0xFFFEFFFF ; habilitacao e
                                                             chave sentido 
   16 00000014 E5845000        STR              R5, [R4]
   17 00000018 E3A00001        MOV              R0, #1
   18 0000001C         
   19 0000001C E59F4048 
                       TEST    LDR              R4, =IO1PIN ; verifica chave qu
                                                            e dita o sentido
   20 00000020 E5945000        LDR              R5, [R4]
   21 00000024 E59F4044        LDR              R4, =IO0PIN ; load na saida
   22 00000028 E3150801        TST              R5, #0x00010000
   23 0000002C 0A000006        BEQ              DECRESC     ; se for igual, con
                                                            ta decrescente
   24 00000030 E2800001 
                       CRESC   ADD              R0, #1
   25 00000034 E5840000        STR              R0, [R4]
   26 00000038 E3500009        CMP              R0, #9
   27 0000003C 1AFFFFF6        BNE              TEST
   28 00000040 E3A00000        MOV              R0, #0
   29 00000044 E5840000        STR              R0, [R4]
   30 00000048 EAFFFFF3        B                TEST
   31 0000004C E2400001 
                       DECRESC SUB              R0, #1
   32 00000050 E5840000        STR              R0, [R4]
   33 00000054 E3500000        CMP              R0, #0
   34 00000058 1AFFFFEF        BNE              TEST
   35 0000005C E3A0000A        MOV              R0, #10
   36 00000060 EAFFFFED        B                TEST
   37 00000064                 END
              E0028008 
              E0028018 
              E0028010 
              E0028000 
Command Line: --debug --xref --diag_suppress=9931 --apcs=interwork --depend=.\o
bjects\contador_updown.d -o.\objects\contador_updown.o -IC:\Keil_v5\ARM\RV31\IN
C -IC:\Keil_v5\ARM\CMSIS\Include -IC:\Keil_v5\ARM\Inc\Philips --predefine="__EV
AL SETA 1" --predefine="__UVISION_VERSION SETA 518" --list=.\listings\contador_
updown.lst contador_updown.s



ARM Macro Assembler    Page 1 Alphabetic symbol ordering
Relocatable symbols

ARM 00000000

Symbol: ARM
   Definitions
      At line 1 in file contador_updown.s
   Uses
      None
Comment: ARM unused
CRESC 00000030

Symbol: CRESC
   Definitions
      At line 24 in file contador_updown.s
   Uses
      None
Comment: CRESC unused
DECRESC 0000004C

Symbol: DECRESC
   Definitions
      At line 31 in file contador_updown.s
   Uses
      At line 23 in file contador_updown.s
Comment: DECRESC used once
TEST 0000001C

Symbol: TEST
   Definitions
      At line 19 in file contador_updown.s
   Uses
      At line 27 in file contador_updown.s
      At line 30 in file contador_updown.s
      At line 34 in file contador_updown.s
      At line 36 in file contador_updown.s

4 symbols



ARM Macro Assembler    Page 1 Alphabetic symbol ordering
Absolute symbols

IO0CLR E002800C

Symbol: IO0CLR
   Definitions
      At line 7 in file contador_updown.s
   Uses
      None
Comment: IO0CLR unused
IO0DIR E0028008

Symbol: IO0DIR
   Definitions
      At line 8 in file contador_updown.s
   Uses
      At line 10 in file contador_updown.s
Comment: IO0DIR used once
IO0PIN E0028000

Symbol: IO0PIN
   Definitions
      At line 5 in file contador_updown.s
   Uses
      At line 21 in file contador_updown.s
Comment: IO0PIN used once
IO0SET E0028004

Symbol: IO0SET
   Definitions
      At line 6 in file contador_updown.s
   Uses
      None
Comment: IO0SET unused
IO1DIR E0028018

Symbol: IO1DIR
   Definitions
      At line 4 in file contador_updown.s
   Uses
      At line 14 in file contador_updown.s
Comment: IO1DIR used once
IO1PIN E0028010

Symbol: IO1PIN
   Definitions
      At line 3 in file contador_updown.s
   Uses
      At line 19 in file contador_updown.s
Comment: IO1PIN used once
6 symbols
344 symbols in table
