


ARM Macro Assembler    Page 1 


    1 00000000                 AREA             ARM, CODE, READONLY
    2 00000000                 ENTRY
    3 00000000 E0028000 
                       IO0PIN  EQU              0xE0028000
    4 00000000 E0028004 
                       IO0SET  EQU              0xE0028004
    5 00000000 E0028008 
                       IO0DIR  EQU              0xE0028008
    6 00000000 E002800C 
                       IO0CLR  EQU              0xE002800C
    7 00000000 E0028010 
                       IO1PIN  EQU              0xE0028010
    8 00000000 E0028018 
                       IO1DIR  EQU              0xE0028018
    9 00000000         
   10 00000000 E59F4068        LDR              R4, =IO0DIR
   11 00000004 E3E05000        LDR              R5, =0xFFFFFFFF
   12 00000008 E5845000        STR              R5, [R4]
   13 0000000C         
   14 0000000C E59F2060 
                       START   LDR              R2, =regiao_de_busca
   15 00000010 E59F3060        LDR              R3, =0xFE10F0F0
   16 00000014 E59F6060        LDR              R6, =regiao_fim
   17 00000018 E5928000 
                       repete  LDR              R8,[R2]     ;mostra no r8 os da
                                                            dos da memoria de r
                                                            2
   18 0000001C E1580003        CMP              R8, R3      ;compara regiao_de_
                                                            busca com feiofofo
   19 00000020 E2822004        ADD              R2, #4      ;se nao, procura po
                                                            r mais 4 bits
   20 00000024 0A000002        BEQ              liga        ;se for igual, liga
                                                             o LED
   21 00000028 E1520006        CMP              R2, R6
   22 0000002C 0A00000E        BEQ              FIM
   23 00000030 1AFFFFF8        BNE              repete      ;se nao, compara de
                                                             novo
   24 00000034 E59F4044 
                       liga    LDR              R4, =IO0SET
   25 00000038 E5845000        STR              R5, [R4]
   26 0000003C E59F4040        LDR              R4, =IO0CLR
   27 00000040 E5845000        STR              R5, [R4]
   28 00000044 EAFFFFF3        B                repete
   29 00000048         regiao_de_busca
   30 00000048 00000001 
              00000002 
              00000003 
              12345678 
              00002345 
              00000001 
              00000001 
              FE10F0F0 
              00000004         DCD              1,2,3,0x12345678,0x2345,0x1,1,0
xFE10F0F0,4
   31 0000006C         regiao_fim
   32 0000006C EAFFFFFE 
                       FIM     B                FIM
   33 00000070                 END
              E0028008 



ARM Macro Assembler    Page 2 


              00000000 
              FE10F0F0 
              00000000 
              E0028004 
              E002800C 
Command Line: --debug --xref --diag_suppress=9931 --apcs=interwork --depend=.\o
bjects\dado_feio_fofo.d -o.\objects\dado_feio_fofo.o -IC:\Keil_v5\ARM\RV31\INC 
-IC:\Keil_v5\ARM\CMSIS\Include -IC:\Keil_v5\ARM\Inc\Philips --predefine="__EVAL
 SETA 1" --predefine="__UVISION_VERSION SETA 518" --list=.\listings\dado_feio_f
ofo.lst dado_feio_fofo.s



ARM Macro Assembler    Page 1 Alphabetic symbol ordering
Relocatable symbols

ARM 00000000

Symbol: ARM
   Definitions
      At line 1 in file dado_feio_fofo.s
   Uses
      None
Comment: ARM unused
FIM 0000006C

Symbol: FIM
   Definitions
      At line 32 in file dado_feio_fofo.s
   Uses
      At line 22 in file dado_feio_fofo.s
      At line 32 in file dado_feio_fofo.s

START 0000000C

Symbol: START
   Definitions
      At line 14 in file dado_feio_fofo.s
   Uses
      None
Comment: START unused
liga 00000034

Symbol: liga
   Definitions
      At line 24 in file dado_feio_fofo.s
   Uses
      At line 20 in file dado_feio_fofo.s
Comment: liga used once
regiao_de_busca 00000048

Symbol: regiao_de_busca
   Definitions
      At line 29 in file dado_feio_fofo.s
   Uses
      At line 14 in file dado_feio_fofo.s
Comment: regiao_de_busca used once
regiao_fim 0000006C

Symbol: regiao_fim
   Definitions
      At line 31 in file dado_feio_fofo.s
   Uses
      At line 16 in file dado_feio_fofo.s
Comment: regiao_fim used once
repete 00000018

Symbol: repete
   Definitions
      At line 17 in file dado_feio_fofo.s
   Uses
      At line 23 in file dado_feio_fofo.s
      At line 28 in file dado_feio_fofo.s

7 symbols



ARM Macro Assembler    Page 1 Alphabetic symbol ordering
Absolute symbols

IO0CLR E002800C

Symbol: IO0CLR
   Definitions
      At line 6 in file dado_feio_fofo.s
   Uses
      At line 26 in file dado_feio_fofo.s
Comment: IO0CLR used once
IO0DIR E0028008

Symbol: IO0DIR
   Definitions
      At line 5 in file dado_feio_fofo.s
   Uses
      At line 10 in file dado_feio_fofo.s
Comment: IO0DIR used once
IO0PIN E0028000

Symbol: IO0PIN
   Definitions
      At line 3 in file dado_feio_fofo.s
   Uses
      None
Comment: IO0PIN unused
IO0SET E0028004

Symbol: IO0SET
   Definitions
      At line 4 in file dado_feio_fofo.s
   Uses
      At line 24 in file dado_feio_fofo.s
Comment: IO0SET used once
IO1DIR E0028018

Symbol: IO1DIR
   Definitions
      At line 8 in file dado_feio_fofo.s
   Uses
      None
Comment: IO1DIR unused
IO1PIN E0028010

Symbol: IO1PIN
   Definitions
      At line 7 in file dado_feio_fofo.s
   Uses
      None
Comment: IO1PIN unused
6 symbols
347 symbols in table
