


ARM Macro Assembler    Page 1 


    1 00000000                 AREA             ARM, CODE, READONLY
    2 00000000                 ENTRY
    3 00000000 E59F0068        LDR              R0, =regiao_de_busca
    4 00000004 E59F1068        LDR              R1, =regiao_fim
    5 00000008 E59F2068        LDR              R2, =data2
    6 0000000C E2411004 
                       load    SUB              R1, #4
    7 00000010 E5918000        LDR              R8, [R1]
    8 00000014 E5828000        STR              R8, [R2]
    9 00000018 E5923000        LDR              R3, [R2]
   10 0000001C E1510000        CMP              R1, R0
   11 00000020 0A000001        BEQ              fim
   12 00000024 E2822004        ADD              R2, #4
   13 00000028 EAFFFFF7        B                load
   14 0000002C EAFFFFFE 
                       fim     B                fim
   15 00000030         regiao_de_busca
   16 00000030 00000001 
              00000002 
              00000003 
              12345678 
              00002345 
              00000001 
              00000001 
              00000FFF         dcd              1,2,3, 0x12345678, 0x2345, 0x1,
 1, 0xfff
   17 00000050 00000002 
              0000000F         dcd              2, 0xf
   18 00000058 00000000        dcd              0
   19 0000005C 00000002 
              00000004 
              00000004 
              00000004 
              00000004         dcd              2, 4,4,4,4
   20 00000070         regiao_fim
   21 00000070 00000000 
              00000000 
              00000000         AREA             MyData, DATA, READWRITE
   22 00000000 00 00 00 
              00 00 00 
              00 00 00 
              00 00 00 
              00 00 00 
              00 00 00 
              00 00 00 
              00 00 00 
              00 00 00 
              00 00 00 
              00 00 00 
              00 00 00 
              00 00 00 
              00 00 00 
              00 00 00 
              00 00 00 
              00 00 00 
              00 00 00 
              00 00 00 
              00 00 00 
              00 00 00 



ARM Macro Assembler    Page 2 


              00 00 00 
              00 00 00 
              00 00 00 
              00 00 00 
              00 00 00 
              00 00 00 
              00 00 00 
              00 00 00 
              00 00 00 
              00 00 00 
              00 00 00 
              00 00 00 
              00 00 00 
              00 00 00 
              00 00 00 
              00 00 00 
              00 00 00 
              00 00 00 
              00 00 00 
              00 00 00 
              00 00 00 
              00 00 00 
              00 00 00 
              00 00 00 
              00 00 00 
              00 00 00 
              00 00 00 
              00 00 00 
              00 00 00 
              00 00 00 
              00 00 00 
              00 00 00 
              00 00 00 
              00 00 00 
              00 00 00 
              00 00 00 
              00 00 00 
              00 00 00 
              00 00 00 
              00 00 00 
              00 00 00 
              00 00 00 
              00 00 00 
              00 00 00 
              00 00 00 
              00 00 00 
              00 00 00 
              00 00 00 
              00 00 00 
              00 00 00 
              00 00 00 
              00 00 00 
              00 00 00 
              00 00 00 
              00 00 00 
              00 00 00 
              00 00 00 
              00 00 00 
              00 00 00 



ARM Macro Assembler    Page 3 


              00 00 00 
              00 00 00 
              00 00 00 
              00 00 00 
              00 00 00 data2   SPACE            255
   23 000000FF                 END
Command Line: --debug --xref --diag_suppress=9931 --apcs=interwork --depend=.\o
bjects\rom_ram_invertido.d -o.\objects\rom_ram_invertido.o -IC:\Keil_v5\ARM\RV3
1\INC -IC:\Keil_v5\ARM\CMSIS\Include -IC:\Keil_v5\ARM\Inc\Philips --predefine="
__EVAL SETA 1" --predefine="__UVISION_VERSION SETA 518" --list=.\listings\rom_r
am_invertido.lst rom_ram_invertido.s



ARM Macro Assembler    Page 1 Alphabetic symbol ordering
Relocatable symbols

ARM 00000000

Symbol: ARM
   Definitions
      At line 1 in file rom_ram_invertido.s
   Uses
      None
Comment: ARM unused
fim 0000002C

Symbol: fim
   Definitions
      At line 14 in file rom_ram_invertido.s
   Uses
      At line 11 in file rom_ram_invertido.s
      At line 14 in file rom_ram_invertido.s

load 0000000C

Symbol: load
   Definitions
      At line 6 in file rom_ram_invertido.s
   Uses
      At line 13 in file rom_ram_invertido.s
Comment: load used once
regiao_de_busca 00000030

Symbol: regiao_de_busca
   Definitions
      At line 15 in file rom_ram_invertido.s
   Uses
      At line 3 in file rom_ram_invertido.s
Comment: regiao_de_busca used once
regiao_fim 00000070

Symbol: regiao_fim
   Definitions
      At line 20 in file rom_ram_invertido.s
   Uses
      At line 4 in file rom_ram_invertido.s
Comment: regiao_fim used once
5 symbols



ARM Macro Assembler    Page 1 Alphabetic symbol ordering
Relocatable symbols

MyData 00000000

Symbol: MyData
   Definitions
      At line 21 in file rom_ram_invertido.s
   Uses
      None
Comment: MyData unused
data2 00000000

Symbol: data2
   Definitions
      At line 22 in file rom_ram_invertido.s
   Uses
      At line 5 in file rom_ram_invertido.s
Comment: data2 used once
2 symbols
341 symbols in table
