


ARM Macro Assembler    Page 1 


    1 00000000                 AREA             ARM, CODE, READONLY
    2 00000000 E59F807C        LDR              R8, =data1
    3 00000004 E5980000        LDR              R0, [R8]    ;numero
    4 00000008 E5981000        LDR              R1, [R8]    ;posição 1 (setar)
    5 0000000C E5982000        LDR              R2, [R8]    ;posição 2 (resetar
                                                            )
    6 00000010 E5983000        LDR              R3, [R8]    ;posição 3 (inverte
                                                            r)
    7 00000014 E3A0400F        MOV              R4, #0xF
    8 00000018 E3E05000        LDR              R5, =0xFFFFFFFF
    9 0000001C EB000008        BL               set
   10 00000020 E5812000        STR              R2, [R1]
   11 00000024 EAFFFFFE 
                       fim     B                fim
   12 00000028 E92D400F 
                       num     STMFD            sp!, {R0-R3, lr}
   13 0000002C E3A05004        MOV              R5, #4
   14 00000030 E5B04004        LDR              R4, [R0,#4]!
   15 00000034 E0050594        MUL              R5, R4, R5
   16 00000038 E1A03513        LSL              R3, R5
   17 0000003C E1A07003        MOV              R7, R3
   18 00000040 E8BD800F        LDMFD            sp!, {R0-R3, pc}
   19 00000044 E92D4001 
                       set     STMFD            sp!, {R0, lr}
   20 00000048 E5901004        LDR              R1, [R0,#4]
   21 0000004C E1A04114        LSL              R4, R1
   22 00000050 E0455004        SUB              R5, R4
   23 00000054 E8BD800F        LDMFD            sp!, {R0-R3, pc}
   24 00000058 E92D400F 
                       reset   STMFD            sp!, {R0-R3, lr}
   25 0000005C E0466007        SUB              R6, R7
   26 00000060 E0022006        AND              R2, R6
   27 00000064 E8BD8040        LDMFD            sp!, {R6, pc}
   28 00000068 E92D4040 
                       not     STMFD            sp!, {R6, lr}
   29 0000006C E0200007        EOR              R0, R7
   30 00000070 E8BD800F        LDMFD            sp!, {R0-R3, pc}
   31 00000074         data1
   32 00000074 0E90C234        dcd              0xE90C234
   33 00000078 00000006 
              00000000 
              00000003         dcd              0x6, 0x0, 0x3
   34 00000084         fim1
   35 00000084 00000000        AREA             MYDATA, DATA, READWRITE
   36 00000000         data
   37 00000000                 END
Command Line: --debug --xref --diag_suppress=9931 --apcs=interwork --depend=.\o
bjects\exercicio_e.d -o.\objects\exercicio_e.o -IC:\Keil_v5\ARM\RV31\INC -IC:\K
eil_v5\ARM\CMSIS\Include -IC:\Keil_v5\ARM\INC\Philips --predefine="__EVAL SETA 
1" --predefine="__UVISION_VERSION SETA 525" --list=.\listings\exercicio_e.lst e
xercicio_e.s



ARM Macro Assembler    Page 1 Alphabetic symbol ordering
Relocatable symbols

ARM 00000000

Symbol: ARM
   Definitions
      At line 1 in file exercicio_e.s
   Uses
      None
Comment: ARM unused
data1 00000074

Symbol: data1
   Definitions
      At line 31 in file exercicio_e.s
   Uses
      At line 2 in file exercicio_e.s
Comment: data1 used once
fim 00000024

Symbol: fim
   Definitions
      At line 11 in file exercicio_e.s
   Uses
      At line 11 in file exercicio_e.s
Comment: fim used once
fim1 00000084

Symbol: fim1
   Definitions
      At line 34 in file exercicio_e.s
   Uses
      None
Comment: fim1 unused
not 00000068

Symbol: not
   Definitions
      At line 28 in file exercicio_e.s
   Uses
      None
Comment: not unused
num 00000028

Symbol: num
   Definitions
      At line 12 in file exercicio_e.s
   Uses
      None
Comment: num unused
reset 00000058

Symbol: reset
   Definitions
      At line 24 in file exercicio_e.s
   Uses
      None
Comment: reset unused
set 00000044

Symbol: set



ARM Macro Assembler    Page 2 Alphabetic symbol ordering
Relocatable symbols

   Definitions
      At line 19 in file exercicio_e.s
   Uses
      At line 9 in file exercicio_e.s
Comment: set used once
8 symbols



ARM Macro Assembler    Page 1 Alphabetic symbol ordering
Relocatable symbols

MYDATA 00000000

Symbol: MYDATA
   Definitions
      At line 35 in file exercicio_e.s
   Uses
      None
Comment: MYDATA unused
data 00000000

Symbol: data
   Definitions
      At line 36 in file exercicio_e.s
   Uses
      None
Comment: data unused
2 symbols
344 symbols in table
